<?xml version="1.0" encoding="UTF-8"?>
<!-- Generated by org.testng.reporters.JUnitReportReporter -->
<testsuite skipped="0" hostname="IN-BVJ1T02-10" name="com.eBayDDU.SmokeTest.Registration_Test" tests="1" failures="0" timestamp="07 May 2018 09:58:43 GMT" time="3.457" errors="0">
  <testcase name="Registration" time="3.457" classname="com.eBayDDU.SmokeTest.Registration_Test"/>
</testsuite> <!-- com.eBayDDU.SmokeTest.Registration_Test -->
