<?xml version="1.0" encoding="UTF-8"?>
<!-- Generated by org.testng.reporters.JUnitReportReporter -->
<testsuite skipped="0" hostname="IN-BVJ1T02-10" name="com.eBayDDU.SmokeTest.SignIn_Test" tests="1" failures="0" timestamp="05 May 2018 10:18:06 GMT" time="8.615" errors="0">
  <testcase name="TestSignUp" time="8.615" classname="com.eBayDDU.SmokeTest.SignIn_Test"/>
</testsuite> <!-- com.eBayDDU.SmokeTest.SignIn_Test -->
