<?xml version="1.0" encoding="UTF-8"?>
<!-- Generated by org.testng.reporters.JUnitReportReporter -->
<testsuite skipped="0" hostname="IN-BVJ1T02-10" name="com.eBayDDU.SmokeTest.FirstTime_SignIn_Test" tests="1" failures="0" timestamp="05 May 2018 20:18:01 GMT" time="1.933" errors="0">
  <testcase name="TestSignUp" time="1.933" classname="com.eBayDDU.SmokeTest.FirstTime_SignIn_Test"/>
</testsuite> <!-- com.eBayDDU.SmokeTest.FirstTime_SignIn_Test -->
