<?xml version="1.0" encoding="UTF-8"?>
<!-- Generated by org.testng.reporters.JUnitReportReporter -->
<testsuite skipped="0" hostname="IN-BVJ1T02-10" name="com.eBayDDU.SmokeTest.Registration_Test" tests="1" failures="0" timestamp="09 May 2018 05:54:55 GMT" time="3.211" errors="0">
  <testcase name="Registration" time="3.211" classname="com.eBayDDU.SmokeTest.Registration_Test"/>
</testsuite> <!-- com.eBayDDU.SmokeTest.Registration_Test -->
