<?xml version="1.0" encoding="UTF-8"?>
<!-- Generated by org.testng.reporters.JUnitReportReporter -->
<testsuite skipped="0" hostname="IN-BVJ1T02-10" name="com.eBayDDU.SmokeTest.AddListing" tests="1" failures="0" timestamp="05 May 2018 08:29:32 GMT" time="34.298" errors="0">
  <testcase name="TestSignUp" time="34.298" classname="com.eBayDDU.SmokeTest.AddListing"/>
</testsuite> <!-- com.eBayDDU.SmokeTest.AddListing -->
