<?xml version="1.0" encoding="UTF-8"?>
<!-- Generated by org.testng.reporters.JUnitReportReporter -->
<testsuite skipped="0" hostname="IN-BVJ1T02-10" name="com.eBayDDU.SmokeTest.FirstTime_SignIn_Test" tests="1" failures="0" timestamp="09 May 2018 05:54:55 GMT" time="293.964" errors="0">
  <testcase name="TestSignUp" time="293.964" classname="com.eBayDDU.SmokeTest.FirstTime_SignIn_Test"/>
</testsuite> <!-- com.eBayDDU.SmokeTest.FirstTime_SignIn_Test -->
