<?xml version="1.0" encoding="UTF-8"?>
<!-- Generated by org.testng.reporters.JUnitReportReporter -->
<testsuite skipped="0" hostname="IN-BVJ1T02-10" name="com.eBayDDU.SmokeTest.Ebay_SellerSignUp_Test" tests="1" failures="0" timestamp="09 May 2018 05:54:55 GMT" time="15.709" errors="0">
  <testcase name="eBaySellerSignUP" time="15.709" classname="com.eBayDDU.SmokeTest.Ebay_SellerSignUp_Test"/>
</testsuite> <!-- com.eBayDDU.SmokeTest.Ebay_SellerSignUp_Test -->
